<?xml version="1.0" encoding="UTF-8"?>
<!-- Generated by org.testng.reporters.JUnitXMLReporter -->
<testsuite ignored="0" hostname="VijayKanth" failures="2" tests="6" name="Test" time="12.444" errors="0" timestamp="2022-09-20T19:03:54 IST">
  <testcase classname="listeners.TestNgListenerDemo" name="test1" time="0.017"/>
  <testcase classname="listeners.TestNgListenerDemo" name="test2" time="12.325">
    <failure type="java.lang.AssertionError" message="expected [true] but found [false]">
      <![CDATA[java.lang.AssertionError: expected [true] but found [false]
at listeners.TestNgListenerDemo.test2(TestNgListenerDemo.java:36)
at java.base/java.util.ArrayList.forEach(ArrayList.java:1511)
... Removed 31 stack frames]]>
    </failure>
  </testcase> <!-- test2 -->
  <testcase classname="listeners.TestNgListenerDemo" name="test3" time="0.002">
    <skipped/>
  </testcase> <!-- test3 -->
  <testcase classname="listeners.TestNgListenerDemo3" name="test4" time="0.002"/>
  <testcase classname="listeners.TestNgListenerDemo3" name="test5" time="0.002">
    <failure type="java.lang.AssertionError" message="expected [true] but found [false]">
      <![CDATA[java.lang.AssertionError: expected [true] but found [false]
at listeners.TestNgListenerDemo3.test5(TestNgListenerDemo3.java:20)
at java.base/java.util.ArrayList.forEach(ArrayList.java:1511)
... Removed 31 stack frames]]>
    </failure>
  </testcase> <!-- test5 -->
  <testcase classname="listeners.TestNgListenerDemo3" name="test6" time="0.002">
    <skipped/>
  </testcase> <!-- test6 -->
</testsuite> <!-- Test -->
